This file contains any messages produced by compilers while
running configure, to aid debugging if configure makes a mistake.

It was created by psqlodbc configure 09.06.0410, which was
generated by GNU Autoconf 2.69.  Invocation command line was

  $ ./configure 

## --------- ##
## Platform. ##
## --------- ##

hostname = pg06
uname -m = x86_64
uname -r = 2.6.32-696.3.1.el6.x86_64
uname -s = Linux
uname -v = #1 SMP Thu Apr 20 11:30:02 EDT 2017

/usr/bin/uname -p = unknown
/bin/uname -X     = unknown

/bin/arch              = x86_64
/usr/bin/arch -k       = unknown
/usr/convex/getsysinfo = unknown
/usr/bin/hostinfo      = unknown
/bin/machine           = unknown
/usr/bin/oslevel       = unknown
/bin/universe          = unknown

PATH: .
PATH: /home/bocap/pgsql/pg9500/bin
PATH: /usr/lib/oracle/11.2/client64/bin
PATH: /usr/lib64/qt-3.3/bin
PATH: /usr/local/bin
PATH: /bin
PATH: /usr/bin
PATH: /usr/local/sbin
PATH: /usr/sbin
PATH: /sbin
PATH: /home/bocap/bin


## ----------- ##
## Core tests. ##
## ----------- ##

configure:2558: checking for a BSD-compatible install
configure:2626: result: /usr/bin/install -c
configure:2637: checking whether build environment is sane
configure:2692: result: yes
configure:2843: checking for a thread-safe mkdir -p
configure:2882: result: /bin/mkdir -p
configure:2889: checking for gawk
configure:2905: found /bin/gawk
configure:2916: result: gawk
configure:2927: checking whether make sets $(MAKE)
configure:2949: result: yes
configure:2978: checking whether make supports nested variables
configure:2995: result: yes
configure:3125: checking whether to enable maintainer-specific portions of Makefiles
configure:3134: result: no
configure:3199: checking for gcc
configure:3215: found /usr/bin/gcc
configure:3226: result: gcc
configure:3455: checking for C compiler version
configure:3464: gcc --version >&5
gcc (GCC) 4.4.7 20120313 (Red Hat 4.4.7-17)
Copyright (C) 2010 Free Software Foundation, Inc.
This is free software; see the source for copying conditions.  There is NO
warranty; not even for MERCHANTABILITY or FITNESS FOR A PARTICULAR PURPOSE.

configure:3475: $? = 0
configure:3464: gcc -v >&5
Using built-in specs.
Target: x86_64-redhat-linux
Configured with: ../configure --prefix=/usr --mandir=/usr/share/man --infodir=/usr/share/info --with-bugurl=http://bugzilla.redhat.com/bugzilla --enable-bootstrap --enable-shared --enable-threads=posix --enable-checking=release --with-system-zlib --enable-__cxa_atexit --disable-libunwind-exceptions --enable-gnu-unique-object --enable-languages=c,c++,objc,obj-c++,java,fortran,ada --enable-java-awt=gtk --disable-dssi --with-java-home=/usr/lib/jvm/java-1.5.0-gcj-1.5.0.0/jre --enable-libgcj-multifile --enable-java-maintainer-mode --with-ecj-jar=/usr/share/java/eclipse-ecj.jar --disable-libjava-multilib --with-ppl --with-cloog --with-tune=generic --with-arch_32=i686 --build=x86_64-redhat-linux
Thread model: posix
gcc version 4.4.7 20120313 (Red Hat 4.4.7-17) (GCC) 
configure:3475: $? = 0
configure:3464: gcc -V >&5
gcc: '-V' option must have argument
configure:3475: $? = 1
configure:3464: gcc -qversion >&5
gcc: unrecognized option '-qversion'
gcc: no input files
configure:3475: $? = 1
configure:3495: checking whether the C compiler works
configure:3517: gcc    conftest.c  >&5
configure:3521: $? = 0
configure:3569: result: yes
configure:3572: checking for C compiler default output file name
configure:3574: result: a.out
configure:3580: checking for suffix of executables
configure:3587: gcc -o conftest    conftest.c  >&5
configure:3591: $? = 0
configure:3613: result: 
configure:3635: checking whether we are cross compiling
configure:3643: gcc -o conftest    conftest.c  >&5
configure:3647: $? = 0
configure:3654: ./conftest
configure:3658: $? = 0
configure:3673: result: no
configure:3678: checking for suffix of object files
configure:3700: gcc -c   conftest.c >&5
configure:3704: $? = 0
configure:3725: result: o
configure:3729: checking whether we are using the GNU C compiler
configure:3748: gcc -c   conftest.c >&5
configure:3748: $? = 0
configure:3757: result: yes
configure:3766: checking whether gcc accepts -g
configure:3786: gcc -c -g  conftest.c >&5
configure:3786: $? = 0
configure:3827: result: yes
configure:3844: checking for gcc option to accept ISO C89
configure:3907: gcc  -c -g -O2  conftest.c >&5
configure:3907: $? = 0
configure:3920: result: none needed
configure:3945: checking whether gcc understands -c and -o together
configure:3967: gcc -c conftest.c -o conftest2.o
configure:3970: $? = 0
configure:3967: gcc -c conftest.c -o conftest2.o
configure:3970: $? = 0
configure:3982: result: yes
configure:4010: checking for style of include used by make
configure:4038: result: GNU
configure:4064: checking dependency style of gcc
configure:4175: result: gcc3
configure:4202: checking -Wall is a valid compile option
configure:4218: gcc -c -g -O2 -Wall  conftest.c >&5
configure:4218: $? = 0
configure:4219: result: yes
configure:4327: checking for odbc_config
configure:4345: found /usr/bin/odbc_config
configure:4357: result: /usr/bin/odbc_config
configure:4398: using /usr/include /usr/lib
configure:4405: checking last argument to SQLColAttribute is SQLLEN *
configure:4426: gcc -c -g -O2 -Wall  -I/usr/include conftest.c >&5
configure:4426: $? = 0
configure:4430: result: yes
configure:4519: checking for pg_config
configure:4537: found /home/bocap/pgsql/pg9500/bin/pg_config
configure:4549: result: /home/bocap/pgsql/pg9500/bin/pg_config
configure:4578: checking for prove
configure:4594: found /usr/bin/prove
configure:4605: result: prove
configure:4623: checking build system type
configure:4637: result: x86_64-unknown-linux-gnu
configure:4657: checking host system type
configure:4670: result: x86_64-unknown-linux-gnu
configure:5074: checking how to print strings
configure:5101: result: printf
configure:5122: checking for a sed that does not truncate output
configure:5186: result: /bin/sed
configure:5204: checking for grep that handles long lines and -e
configure:5262: result: /bin/grep
configure:5267: checking for egrep
configure:5329: result: /bin/grep -E
configure:5334: checking for fgrep
configure:5396: result: /bin/grep -F
configure:5431: checking for ld used by gcc
configure:5498: result: /usr/bin/ld
configure:5505: checking if the linker (/usr/bin/ld) is GNU ld
configure:5520: result: yes
configure:5532: checking for BSD- or MS-compatible name lister (nm)
configure:5581: result: /usr/bin/nm -B
configure:5711: checking the name lister (/usr/bin/nm -B) interface
configure:5718: gcc -c -g -O2 -Wall  -I/usr/include -I/home/bocap/pgsql/pg9500/include conftest.c >&5
configure:5721: /usr/bin/nm -B "conftest.o"
configure:5724: output
0000000000000000 B some_variable
configure:5731: result: BSD nm
configure:5734: checking whether ln -s works
configure:5738: result: yes
configure:5746: checking the maximum length of command line arguments
configure:5876: result: 1966080
configure:5893: checking whether the shell understands some XSI constructs
configure:5903: result: yes
configure:5907: checking whether the shell understands "+="
configure:5913: result: yes
configure:5948: checking how to convert x86_64-unknown-linux-gnu file names to x86_64-unknown-linux-gnu format
configure:5988: result: func_convert_file_noop
configure:5995: checking how to convert x86_64-unknown-linux-gnu file names to toolchain format
configure:6015: result: func_convert_file_noop
configure:6022: checking for /usr/bin/ld option to reload object files
configure:6029: result: -r
configure:6103: checking for objdump
configure:6130: result: objdump
configure:6159: checking how to recognize dependent libraries
configure:6361: result: pass_all
configure:6446: checking for dlltool
configure:6473: result: dlltool
configure:6503: checking how to associate runtime and link libraries
configure:6530: result: printf %s\n
configure:6590: checking for ar
configure:6606: found /usr/bin/ar
configure:6617: result: ar
configure:6654: checking for archiver @FILE support
configure:6671: gcc -c -g -O2 -Wall  -I/usr/include -I/home/bocap/pgsql/pg9500/include conftest.c >&5
configure:6671: $? = 0
configure:6674: ar cru libconftest.a @conftest.lst >&5
configure:6677: $? = 0
configure:6682: ar cru libconftest.a @conftest.lst >&5
ar: conftest.o: No such file or directory
configure:6685: $? = 1
configure:6697: result: @
configure:6755: checking for strip
configure:6771: found /usr/bin/strip
configure:6782: result: strip
configure:6854: checking for ranlib
configure:6870: found /usr/bin/ranlib
configure:6881: result: ranlib
configure:6983: checking command to parse /usr/bin/nm -B output from gcc object
configure:7103: gcc -c -g -O2 -Wall  -I/usr/include -I/home/bocap/pgsql/pg9500/include conftest.c >&5
configure:7106: $? = 0
configure:7110: /usr/bin/nm -B conftest.o \| sed -n -e 's/^.*[ ]\([ABCDGIRSTW][ABCDGIRSTW]*\)[ ][ ]*\([_A-Za-z][_A-Za-z0-9]*\)$/\1 \2 \2/p' | sed '/ __gnu_lto/d' \> conftest.nm
configure:7113: $? = 0
configure:7179: gcc -o conftest -g -O2 -Wall  -I/usr/include -I/home/bocap/pgsql/pg9500/include  -L/usr/lib -L/home/bocap/pgsql/pg9500/lib conftest.c conftstm.o >&5
configure:7182: $? = 0
configure:7220: result: ok
configure:7257: checking for sysroot
configure:7287: result: no
configure:7364: gcc -c -g -O2 -Wall  -I/usr/include -I/home/bocap/pgsql/pg9500/include conftest.c >&5
configure:7367: $? = 0
configure:7543: checking for mt
configure:7573: result: no
configure:7593: checking if : is a manifest tool
configure:7599: : '-?'
configure:7607: result: no
configure:8249: checking how to run the C preprocessor
configure:8280: gcc -E  -I/usr/include -I/home/bocap/pgsql/pg9500/include conftest.c
configure:8280: $? = 0
configure:8294: gcc -E  -I/usr/include -I/home/bocap/pgsql/pg9500/include conftest.c
conftest.c:15:28: error: ac_nonexistent.h: No such file or directory
configure:8294: $? = 1
configure: failed program was:
| /* confdefs.h */
| #define PACKAGE_NAME "psqlodbc"
| #define PACKAGE_TARNAME "psqlodbc"
| #define PACKAGE_VERSION "09.06.0410"
| #define PACKAGE_STRING "psqlodbc 09.06.0410"
| #define PACKAGE_BUGREPORT "pgsql-odbc@postgresql.org"
| #define PACKAGE_URL ""
| #define PACKAGE "psqlodbc"
| #define VERSION "09.06.0410"
| #define WITH_UNIXODBC 1
| #define SQLCOLATTRIBUTE_SQLLEN 1
| #define POSIX_MULTITHREAD_SUPPORT 1
| #define _REENTRANT 1
| /* end confdefs.h.  */
| #include <ac_nonexistent.h>
configure:8319: result: gcc -E
configure:8339: gcc -E  -I/usr/include -I/home/bocap/pgsql/pg9500/include conftest.c
configure:8339: $? = 0
configure:8353: gcc -E  -I/usr/include -I/home/bocap/pgsql/pg9500/include conftest.c
conftest.c:15:28: error: ac_nonexistent.h: No such file or directory
configure:8353: $? = 1
configure: failed program was:
| /* confdefs.h */
| #define PACKAGE_NAME "psqlodbc"
| #define PACKAGE_TARNAME "psqlodbc"
| #define PACKAGE_VERSION "09.06.0410"
| #define PACKAGE_STRING "psqlodbc 09.06.0410"
| #define PACKAGE_BUGREPORT "pgsql-odbc@postgresql.org"
| #define PACKAGE_URL ""
| #define PACKAGE "psqlodbc"
| #define VERSION "09.06.0410"
| #define WITH_UNIXODBC 1
| #define SQLCOLATTRIBUTE_SQLLEN 1
| #define POSIX_MULTITHREAD_SUPPORT 1
| #define _REENTRANT 1
| /* end confdefs.h.  */
| #include <ac_nonexistent.h>
configure:8382: checking for ANSI C header files
configure:8402: gcc -c -g -O2 -Wall  -I/usr/include -I/home/bocap/pgsql/pg9500/include conftest.c >&5
configure:8402: $? = 0
configure:8475: gcc -o conftest -g -O2 -Wall  -I/usr/include -I/home/bocap/pgsql/pg9500/include  -L/usr/lib -L/home/bocap/pgsql/pg9500/lib conftest.c  >&5
configure:8475: $? = 0
configure:8475: ./conftest
configure:8475: $? = 0
configure:8486: result: yes
configure:8499: checking for sys/types.h
configure:8499: gcc -c -g -O2 -Wall  -I/usr/include -I/home/bocap/pgsql/pg9500/include conftest.c >&5
configure:8499: $? = 0
configure:8499: result: yes
configure:8499: checking for sys/stat.h
configure:8499: gcc -c -g -O2 -Wall  -I/usr/include -I/home/bocap/pgsql/pg9500/include conftest.c >&5
configure:8499: $? = 0
configure:8499: result: yes
configure:8499: checking for stdlib.h
configure:8499: gcc -c -g -O2 -Wall  -I/usr/include -I/home/bocap/pgsql/pg9500/include conftest.c >&5
configure:8499: $? = 0
configure:8499: result: yes
configure:8499: checking for string.h
configure:8499: gcc -c -g -O2 -Wall  -I/usr/include -I/home/bocap/pgsql/pg9500/include conftest.c >&5
configure:8499: $? = 0
configure:8499: result: yes
configure:8499: checking for memory.h
configure:8499: gcc -c -g -O2 -Wall  -I/usr/include -I/home/bocap/pgsql/pg9500/include conftest.c >&5
configure:8499: $? = 0
configure:8499: result: yes
configure:8499: checking for strings.h
configure:8499: gcc -c -g -O2 -Wall  -I/usr/include -I/home/bocap/pgsql/pg9500/include conftest.c >&5
configure:8499: $? = 0
configure:8499: result: yes
configure:8499: checking for inttypes.h
configure:8499: gcc -c -g -O2 -Wall  -I/usr/include -I/home/bocap/pgsql/pg9500/include conftest.c >&5
configure:8499: $? = 0
configure:8499: result: yes
configure:8499: checking for stdint.h
configure:8499: gcc -c -g -O2 -Wall  -I/usr/include -I/home/bocap/pgsql/pg9500/include conftest.c >&5
configure:8499: $? = 0
configure:8499: result: yes
configure:8499: checking for unistd.h
configure:8499: gcc -c -g -O2 -Wall  -I/usr/include -I/home/bocap/pgsql/pg9500/include conftest.c >&5
configure:8499: $? = 0
configure:8499: result: yes
configure:8513: checking for dlfcn.h
configure:8513: gcc -c -g -O2 -Wall  -I/usr/include -I/home/bocap/pgsql/pg9500/include conftest.c >&5
configure:8513: $? = 0
configure:8513: result: yes
configure:8685: checking for objdir
configure:8700: result: .libs
configure:8971: checking if gcc supports -fno-rtti -fno-exceptions
configure:8989: gcc -c -g -O2 -Wall  -I/usr/include -I/home/bocap/pgsql/pg9500/include -fno-rtti -fno-exceptions conftest.c >&5
cc1: warning: command line option "-fno-rtti" is valid for C++/ObjC++ but not for C
configure:8993: $? = 0
configure:9006: result: no
configure:9333: checking for gcc option to produce PIC
configure:9340: result: -fPIC -DPIC
configure:9348: checking if gcc PIC flag -fPIC -DPIC works
configure:9366: gcc -c -g -O2 -Wall  -I/usr/include -I/home/bocap/pgsql/pg9500/include -fPIC -DPIC -DPIC conftest.c >&5
configure:9370: $? = 0
configure:9383: result: yes
configure:9412: checking if gcc static flag -static works
configure:9440: result: no
configure:9455: checking if gcc supports -c -o file.o
configure:9476: gcc -c -g -O2 -Wall  -I/usr/include -I/home/bocap/pgsql/pg9500/include -o out/conftest2.o conftest.c >&5
configure:9480: $? = 0
configure:9502: result: yes
configure:9510: checking if gcc supports -c -o file.o
configure:9557: result: yes
configure:9590: checking whether the gcc linker (/usr/bin/ld -m elf_x86_64) supports shared libraries
configure:10743: result: yes
configure:10780: checking whether -lc should be explicitly linked in
configure:10788: gcc -c -g -O2 -Wall  -I/usr/include -I/home/bocap/pgsql/pg9500/include conftest.c >&5
configure:10791: $? = 0
configure:10806: gcc -shared  -fPIC -DPIC conftest.o  -v -Wl,-soname -Wl,conftest -o conftest 2\>\&1 \| /bin/grep  -lc  \>/dev/null 2\>\&1
configure:10809: $? = 0
configure:10823: result: no
configure:10983: checking dynamic linker characteristics
configure:11494: gcc -o conftest -g -O2 -Wall  -I/usr/include -I/home/bocap/pgsql/pg9500/include  -L/usr/lib -L/home/bocap/pgsql/pg9500/lib -Wl,-rpath -Wl,/foo conftest.c  >&5
configure:11494: $? = 0
configure:11716: result: GNU/Linux ld.so
configure:11823: checking how to hardcode library paths into programs
configure:11848: result: immediate
configure:11942: checking for shl_load
configure:11942: gcc -o conftest -g -O2 -Wall  -I/usr/include -I/home/bocap/pgsql/pg9500/include  -L/usr/lib -L/home/bocap/pgsql/pg9500/lib conftest.c  >&5
/tmp/ccHnEkI5.o: In function `main':
/home/bocap/src/TDEforPG/pgtde_psqlodbc/conftest.c:61: undefined reference to `shl_load'
collect2: ld returned 1 exit status
configure:11942: $? = 1
configure: failed program was:
| /* confdefs.h */
| #define PACKAGE_NAME "psqlodbc"
| #define PACKAGE_TARNAME "psqlodbc"
| #define PACKAGE_VERSION "09.06.0410"
| #define PACKAGE_STRING "psqlodbc 09.06.0410"
| #define PACKAGE_BUGREPORT "pgsql-odbc@postgresql.org"
| #define PACKAGE_URL ""
| #define PACKAGE "psqlodbc"
| #define VERSION "09.06.0410"
| #define WITH_UNIXODBC 1
| #define SQLCOLATTRIBUTE_SQLLEN 1
| #define POSIX_MULTITHREAD_SUPPORT 1
| #define _REENTRANT 1
| #define STDC_HEADERS 1
| #define HAVE_SYS_TYPES_H 1
| #define HAVE_SYS_STAT_H 1
| #define HAVE_STDLIB_H 1
| #define HAVE_STRING_H 1
| #define HAVE_MEMORY_H 1
| #define HAVE_STRINGS_H 1
| #define HAVE_INTTYPES_H 1
| #define HAVE_STDINT_H 1
| #define HAVE_UNISTD_H 1
| #define HAVE_DLFCN_H 1
| #define LT_OBJDIR ".libs/"
| /* end confdefs.h.  */
| /* Define shl_load to an innocuous variant, in case <limits.h> declares shl_load.
|    For example, HP-UX 11i <limits.h> declares gettimeofday.  */
| #define shl_load innocuous_shl_load
| 
| /* System header to define __stub macros and hopefully few prototypes,
|     which can conflict with char shl_load (); below.
|     Prefer <limits.h> to <assert.h> if __STDC__ is defined, since
|     <limits.h> exists even on freestanding compilers.  */
| 
| #ifdef __STDC__
| # include <limits.h>
| #else
| # include <assert.h>
| #endif
| 
| #undef shl_load
| 
| /* Override any GCC internal prototype to avoid an error.
|    Use char because int might match the return type of a GCC
|    builtin and then its argument prototype would still apply.  */
| #ifdef __cplusplus
| extern "C"
| #endif
| char shl_load ();
| /* The GNU C library defines this for functions which it implements
|     to always fail with ENOSYS.  Some functions are actually named
|     something starting with __ and the normal name is an alias.  */
| #if defined __stub_shl_load || defined __stub___shl_load
| choke me
| #endif
| 
| int
| main ()
| {
| return shl_load ();
|   ;
|   return 0;
| }
configure:11942: result: no
configure:11946: checking for shl_load in -ldld
configure:11971: gcc -o conftest -g -O2 -Wall  -I/usr/include -I/home/bocap/pgsql/pg9500/include  -L/usr/lib -L/home/bocap/pgsql/pg9500/lib conftest.c -ldld   >&5
/usr/bin/ld: cannot find -ldld
collect2: ld returned 1 exit status
configure:11971: $? = 1
configure: failed program was:
| /* confdefs.h */
| #define PACKAGE_NAME "psqlodbc"
| #define PACKAGE_TARNAME "psqlodbc"
| #define PACKAGE_VERSION "09.06.0410"
| #define PACKAGE_STRING "psqlodbc 09.06.0410"
| #define PACKAGE_BUGREPORT "pgsql-odbc@postgresql.org"
| #define PACKAGE_URL ""
| #define PACKAGE "psqlodbc"
| #define VERSION "09.06.0410"
| #define WITH_UNIXODBC 1
| #define SQLCOLATTRIBUTE_SQLLEN 1
| #define POSIX_MULTITHREAD_SUPPORT 1
| #define _REENTRANT 1
| #define STDC_HEADERS 1
| #define HAVE_SYS_TYPES_H 1
| #define HAVE_SYS_STAT_H 1
| #define HAVE_STDLIB_H 1
| #define HAVE_STRING_H 1
| #define HAVE_MEMORY_H 1
| #define HAVE_STRINGS_H 1
| #define HAVE_INTTYPES_H 1
| #define HAVE_STDINT_H 1
| #define HAVE_UNISTD_H 1
| #define HAVE_DLFCN_H 1
| #define LT_OBJDIR ".libs/"
| /* end confdefs.h.  */
| 
| /* Override any GCC internal prototype to avoid an error.
|    Use char because int might match the return type of a GCC
|    builtin and then its argument prototype would still apply.  */
| #ifdef __cplusplus
| extern "C"
| #endif
| char shl_load ();
| int
| main ()
| {
| return shl_load ();
|   ;
|   return 0;
| }
configure:11980: result: no
configure:11985: checking for dlopen
configure:11985: gcc -o conftest -g -O2 -Wall  -I/usr/include -I/home/bocap/pgsql/pg9500/include  -L/usr/lib -L/home/bocap/pgsql/pg9500/lib conftest.c  >&5
/tmp/cc1nlF9a.o: In function `main':
/home/bocap/src/TDEforPG/pgtde_psqlodbc/conftest.c:61: undefined reference to `dlopen'
collect2: ld returned 1 exit status
configure:11985: $? = 1
configure: failed program was:
| /* confdefs.h */
| #define PACKAGE_NAME "psqlodbc"
| #define PACKAGE_TARNAME "psqlodbc"
| #define PACKAGE_VERSION "09.06.0410"
| #define PACKAGE_STRING "psqlodbc 09.06.0410"
| #define PACKAGE_BUGREPORT "pgsql-odbc@postgresql.org"
| #define PACKAGE_URL ""
| #define PACKAGE "psqlodbc"
| #define VERSION "09.06.0410"
| #define WITH_UNIXODBC 1
| #define SQLCOLATTRIBUTE_SQLLEN 1
| #define POSIX_MULTITHREAD_SUPPORT 1
| #define _REENTRANT 1
| #define STDC_HEADERS 1
| #define HAVE_SYS_TYPES_H 1
| #define HAVE_SYS_STAT_H 1
| #define HAVE_STDLIB_H 1
| #define HAVE_STRING_H 1
| #define HAVE_MEMORY_H 1
| #define HAVE_STRINGS_H 1
| #define HAVE_INTTYPES_H 1
| #define HAVE_STDINT_H 1
| #define HAVE_UNISTD_H 1
| #define HAVE_DLFCN_H 1
| #define LT_OBJDIR ".libs/"
| /* end confdefs.h.  */
| /* Define dlopen to an innocuous variant, in case <limits.h> declares dlopen.
|    For example, HP-UX 11i <limits.h> declares gettimeofday.  */
| #define dlopen innocuous_dlopen
| 
| /* System header to define __stub macros and hopefully few prototypes,
|     which can conflict with char dlopen (); below.
|     Prefer <limits.h> to <assert.h> if __STDC__ is defined, since
|     <limits.h> exists even on freestanding compilers.  */
| 
| #ifdef __STDC__
| # include <limits.h>
| #else
| # include <assert.h>
| #endif
| 
| #undef dlopen
| 
| /* Override any GCC internal prototype to avoid an error.
|    Use char because int might match the return type of a GCC
|    builtin and then its argument prototype would still apply.  */
| #ifdef __cplusplus
| extern "C"
| #endif
| char dlopen ();
| /* The GNU C library defines this for functions which it implements
|     to always fail with ENOSYS.  Some functions are actually named
|     something starting with __ and the normal name is an alias.  */
| #if defined __stub_dlopen || defined __stub___dlopen
| choke me
| #endif
| 
| int
| main ()
| {
| return dlopen ();
|   ;
|   return 0;
| }
configure:11985: result: no
configure:11989: checking for dlopen in -ldl
configure:12014: gcc -o conftest -g -O2 -Wall  -I/usr/include -I/home/bocap/pgsql/pg9500/include  -L/usr/lib -L/home/bocap/pgsql/pg9500/lib conftest.c -ldl   >&5
configure:12014: $? = 0
configure:12023: result: yes
configure:12142: checking whether a program can dlopen itself
configure:12222: gcc -o conftest -g -O2 -Wall  -I/usr/include -I/home/bocap/pgsql/pg9500/include -DHAVE_DLFCN_H  -L/usr/lib -L/home/bocap/pgsql/pg9500/lib -Wl,--export-dynamic conftest.c -ldl  >&5
configure:12225: $? = 0
configure:12243: result: yes
configure:12248: checking whether a statically linked program can dlopen itself
configure:12328: gcc -o conftest -g -O2 -Wall  -I/usr/include -I/home/bocap/pgsql/pg9500/include -DHAVE_DLFCN_H  -L/usr/lib -L/home/bocap/pgsql/pg9500/lib -Wl,--export-dynamic  conftest.c -ldl  >&5
configure:12331: $? = 0
configure:12349: result: yes
configure:12388: checking whether stripping libraries is possible
configure:12393: result: yes
configure:12428: checking if libtool supports shared libraries
configure:12430: result: yes
configure:12433: checking whether to build shared libraries
configure:12454: result: yes
configure:12457: checking whether to build static libraries
configure:12461: result: no
configure:12500: checking for library containing SQLGetPrivateProfileString
configure:12531: gcc -o conftest -g -O2 -Wall  -I/usr/include -I/home/bocap/pgsql/pg9500/include  -L/usr/lib -L/home/bocap/pgsql/pg9500/lib conftest.c  >&5
/tmp/cceID8Ra.o: In function `main':
/home/bocap/src/TDEforPG/pgtde_psqlodbc/conftest.c:38: undefined reference to `SQLGetPrivateProfileString'
collect2: ld returned 1 exit status
configure:12531: $? = 1
configure: failed program was:
| /* confdefs.h */
| #define PACKAGE_NAME "psqlodbc"
| #define PACKAGE_TARNAME "psqlodbc"
| #define PACKAGE_VERSION "09.06.0410"
| #define PACKAGE_STRING "psqlodbc 09.06.0410"
| #define PACKAGE_BUGREPORT "pgsql-odbc@postgresql.org"
| #define PACKAGE_URL ""
| #define PACKAGE "psqlodbc"
| #define VERSION "09.06.0410"
| #define WITH_UNIXODBC 1
| #define SQLCOLATTRIBUTE_SQLLEN 1
| #define POSIX_MULTITHREAD_SUPPORT 1
| #define _REENTRANT 1
| #define STDC_HEADERS 1
| #define HAVE_SYS_TYPES_H 1
| #define HAVE_SYS_STAT_H 1
| #define HAVE_STDLIB_H 1
| #define HAVE_STRING_H 1
| #define HAVE_MEMORY_H 1
| #define HAVE_STRINGS_H 1
| #define HAVE_INTTYPES_H 1
| #define HAVE_STDINT_H 1
| #define HAVE_UNISTD_H 1
| #define HAVE_DLFCN_H 1
| #define LT_OBJDIR ".libs/"
| /* end confdefs.h.  */
| 
| /* Override any GCC internal prototype to avoid an error.
|    Use char because int might match the return type of a GCC
|    builtin and then its argument prototype would still apply.  */
| #ifdef __cplusplus
| extern "C"
| #endif
| char SQLGetPrivateProfileString ();
| int
| main ()
| {
| return SQLGetPrivateProfileString ();
|   ;
|   return 0;
| }
configure:12531: gcc -o conftest -g -O2 -Wall  -I/usr/include -I/home/bocap/pgsql/pg9500/include  -L/usr/lib -L/home/bocap/pgsql/pg9500/lib conftest.c -lodbcinst   >&5
configure:12531: $? = 0
configure:12548: result: -lodbcinst
configure:12622: checking for pthread_create in -lpthreads
configure:12647: gcc -o conftest -g -O2 -Wall  -I/usr/include -I/home/bocap/pgsql/pg9500/include  -L/usr/lib -L/home/bocap/pgsql/pg9500/lib conftest.c -lpthreads  -lodbcinst  >&5
/usr/bin/ld: cannot find -lpthreads
collect2: ld returned 1 exit status
configure:12647: $? = 1
configure: failed program was:
| /* confdefs.h */
| #define PACKAGE_NAME "psqlodbc"
| #define PACKAGE_TARNAME "psqlodbc"
| #define PACKAGE_VERSION "09.06.0410"
| #define PACKAGE_STRING "psqlodbc 09.06.0410"
| #define PACKAGE_BUGREPORT "pgsql-odbc@postgresql.org"
| #define PACKAGE_URL ""
| #define PACKAGE "psqlodbc"
| #define VERSION "09.06.0410"
| #define WITH_UNIXODBC 1
| #define SQLCOLATTRIBUTE_SQLLEN 1
| #define POSIX_MULTITHREAD_SUPPORT 1
| #define _REENTRANT 1
| #define STDC_HEADERS 1
| #define HAVE_SYS_TYPES_H 1
| #define HAVE_SYS_STAT_H 1
| #define HAVE_STDLIB_H 1
| #define HAVE_STRING_H 1
| #define HAVE_MEMORY_H 1
| #define HAVE_STRINGS_H 1
| #define HAVE_INTTYPES_H 1
| #define HAVE_STDINT_H 1
| #define HAVE_UNISTD_H 1
| #define HAVE_DLFCN_H 1
| #define LT_OBJDIR ".libs/"
| /* end confdefs.h.  */
| 
| /* Override any GCC internal prototype to avoid an error.
|    Use char because int might match the return type of a GCC
|    builtin and then its argument prototype would still apply.  */
| #ifdef __cplusplus
| extern "C"
| #endif
| char pthread_create ();
| int
| main ()
| {
| return pthread_create ();
|   ;
|   return 0;
| }
configure:12656: result: no
configure:12666: checking for pthread_create in -lpthread
configure:12691: gcc -o conftest -g -O2 -Wall  -I/usr/include -I/home/bocap/pgsql/pg9500/include  -L/usr/lib -L/home/bocap/pgsql/pg9500/lib conftest.c -lpthread  -lodbcinst  >&5
configure:12691: $? = 0
configure:12700: result: yes
configure:12715: checking for PQsetSingleRowMode in -lpq
configure:12740: gcc -o conftest -g -O2 -Wall  -I/usr/include -I/home/bocap/pgsql/pg9500/include  -L/usr/lib -L/home/bocap/pgsql/pg9500/lib conftest.c -lpq  -lpthread -lodbcinst  >&5
configure:12740: $? = 0
configure:12749: result: yes
configure:12768: checking locale.h usability
configure:12768: gcc -c -g -O2 -Wall  -I/usr/include -I/home/bocap/pgsql/pg9500/include conftest.c >&5
configure:12768: $? = 0
configure:12768: result: yes
configure:12768: checking locale.h presence
configure:12768: gcc -E  -I/usr/include -I/home/bocap/pgsql/pg9500/include conftest.c
configure:12768: $? = 0
configure:12768: result: yes
configure:12768: checking for locale.h
configure:12768: result: yes
configure:12768: checking sys/time.h usability
configure:12768: gcc -c -g -O2 -Wall  -I/usr/include -I/home/bocap/pgsql/pg9500/include conftest.c >&5
configure:12768: $? = 0
configure:12768: result: yes
configure:12768: checking sys/time.h presence
configure:12768: gcc -E  -I/usr/include -I/home/bocap/pgsql/pg9500/include conftest.c
configure:12768: $? = 0
configure:12768: result: yes
configure:12768: checking for sys/time.h
configure:12768: result: yes
configure:12768: checking uchar.h usability
configure:12768: gcc -c -g -O2 -Wall  -I/usr/include -I/home/bocap/pgsql/pg9500/include conftest.c >&5
conftest.c:64:19: error: uchar.h: No such file or directory
configure:12768: $? = 1
configure: failed program was:
| /* confdefs.h */
| #define PACKAGE_NAME "psqlodbc"
| #define PACKAGE_TARNAME "psqlodbc"
| #define PACKAGE_VERSION "09.06.0410"
| #define PACKAGE_STRING "psqlodbc 09.06.0410"
| #define PACKAGE_BUGREPORT "pgsql-odbc@postgresql.org"
| #define PACKAGE_URL ""
| #define PACKAGE "psqlodbc"
| #define VERSION "09.06.0410"
| #define WITH_UNIXODBC 1
| #define SQLCOLATTRIBUTE_SQLLEN 1
| #define POSIX_MULTITHREAD_SUPPORT 1
| #define _REENTRANT 1
| #define STDC_HEADERS 1
| #define HAVE_SYS_TYPES_H 1
| #define HAVE_SYS_STAT_H 1
| #define HAVE_STDLIB_H 1
| #define HAVE_STRING_H 1
| #define HAVE_MEMORY_H 1
| #define HAVE_STRINGS_H 1
| #define HAVE_INTTYPES_H 1
| #define HAVE_STDINT_H 1
| #define HAVE_UNISTD_H 1
| #define HAVE_DLFCN_H 1
| #define LT_OBJDIR ".libs/"
| #define HAVE_LIBPTHREAD 1
| #define HAVE_LIBPQ 1
| #define HAVE_LOCALE_H 1
| #define HAVE_SYS_TIME_H 1
| /* end confdefs.h.  */
| #include <stdio.h>
| #ifdef HAVE_SYS_TYPES_H
| # include <sys/types.h>
| #endif
| #ifdef HAVE_SYS_STAT_H
| # include <sys/stat.h>
| #endif
| #ifdef STDC_HEADERS
| # include <stdlib.h>
| # include <stddef.h>
| #else
| # ifdef HAVE_STDLIB_H
| #  include <stdlib.h>
| # endif
| #endif
| #ifdef HAVE_STRING_H
| # if !defined STDC_HEADERS && defined HAVE_MEMORY_H
| #  include <memory.h>
| # endif
| # include <string.h>
| #endif
| #ifdef HAVE_STRINGS_H
| # include <strings.h>
| #endif
| #ifdef HAVE_INTTYPES_H
| # include <inttypes.h>
| #endif
| #ifdef HAVE_STDINT_H
| # include <stdint.h>
| #endif
| #ifdef HAVE_UNISTD_H
| # include <unistd.h>
| #endif
| #include <uchar.h>
configure:12768: result: no
configure:12768: checking uchar.h presence
configure:12768: gcc -E  -I/usr/include -I/home/bocap/pgsql/pg9500/include conftest.c
conftest.c:31:19: error: uchar.h: No such file or directory
configure:12768: $? = 1
configure: failed program was:
| /* confdefs.h */
| #define PACKAGE_NAME "psqlodbc"
| #define PACKAGE_TARNAME "psqlodbc"
| #define PACKAGE_VERSION "09.06.0410"
| #define PACKAGE_STRING "psqlodbc 09.06.0410"
| #define PACKAGE_BUGREPORT "pgsql-odbc@postgresql.org"
| #define PACKAGE_URL ""
| #define PACKAGE "psqlodbc"
| #define VERSION "09.06.0410"
| #define WITH_UNIXODBC 1
| #define SQLCOLATTRIBUTE_SQLLEN 1
| #define POSIX_MULTITHREAD_SUPPORT 1
| #define _REENTRANT 1
| #define STDC_HEADERS 1
| #define HAVE_SYS_TYPES_H 1
| #define HAVE_SYS_STAT_H 1
| #define HAVE_STDLIB_H 1
| #define HAVE_STRING_H 1
| #define HAVE_MEMORY_H 1
| #define HAVE_STRINGS_H 1
| #define HAVE_INTTYPES_H 1
| #define HAVE_STDINT_H 1
| #define HAVE_UNISTD_H 1
| #define HAVE_DLFCN_H 1
| #define LT_OBJDIR ".libs/"
| #define HAVE_LIBPTHREAD 1
| #define HAVE_LIBPQ 1
| #define HAVE_LOCALE_H 1
| #define HAVE_SYS_TIME_H 1
| /* end confdefs.h.  */
| #include <uchar.h>
configure:12768: result: no
configure:12768: checking for uchar.h
configure:12768: result: no
configure:12778: checking libpq-fe.h usability
configure:12778: gcc -c -g -O2 -Wall  -I/usr/include -I/home/bocap/pgsql/pg9500/include conftest.c >&5
configure:12778: $? = 0
configure:12778: result: yes
configure:12778: checking libpq-fe.h presence
configure:12778: gcc -E  -I/usr/include -I/home/bocap/pgsql/pg9500/include conftest.c
configure:12778: $? = 0
configure:12778: result: yes
configure:12778: checking for libpq-fe.h
configure:12778: result: yes
configure:12786: checking whether time.h and sys/time.h may both be included
configure:12806: gcc -c -g -O2 -Wall  -I/usr/include -I/home/bocap/pgsql/pg9500/include conftest.c >&5
configure:12806: $? = 0
configure:12813: result: yes
configure:12830: checking size of long
configure:12835: gcc -o conftest -g -O2 -Wall  -I/usr/include -I/home/bocap/pgsql/pg9500/include  -L/usr/lib -L/home/bocap/pgsql/pg9500/lib conftest.c -lpq -lpthread -lodbcinst  >&5
configure:12835: $? = 0
configure:12835: ./conftest
configure:12835: $? = 0
configure:12849: result: 8
configure:12863: checking size of void *
configure:12868: gcc -o conftest -g -O2 -Wall  -I/usr/include -I/home/bocap/pgsql/pg9500/include  -L/usr/lib -L/home/bocap/pgsql/pg9500/lib conftest.c -lpq -lpthread -lodbcinst  >&5
configure:12868: $? = 0
configure:12868: ./conftest
configure:12868: $? = 0
configure:12882: result: 8
configure:12892: checking for long long
configure:12892: gcc -c -g -O2 -Wall  -I/usr/include -I/home/bocap/pgsql/pg9500/include conftest.c >&5
configure:12892: $? = 0
configure:12892: gcc -c -g -O2 -Wall  -I/usr/include -I/home/bocap/pgsql/pg9500/include conftest.c >&5
conftest.c: In function 'main':
conftest.c:70: error: expected expression before ')' token
configure:12892: $? = 1
configure: failed program was:
| /* confdefs.h */
| #define PACKAGE_NAME "psqlodbc"
| #define PACKAGE_TARNAME "psqlodbc"
| #define PACKAGE_VERSION "09.06.0410"
| #define PACKAGE_STRING "psqlodbc 09.06.0410"
| #define PACKAGE_BUGREPORT "pgsql-odbc@postgresql.org"
| #define PACKAGE_URL ""
| #define PACKAGE "psqlodbc"
| #define VERSION "09.06.0410"
| #define WITH_UNIXODBC 1
| #define SQLCOLATTRIBUTE_SQLLEN 1
| #define POSIX_MULTITHREAD_SUPPORT 1
| #define _REENTRANT 1
| #define STDC_HEADERS 1
| #define HAVE_SYS_TYPES_H 1
| #define HAVE_SYS_STAT_H 1
| #define HAVE_STDLIB_H 1
| #define HAVE_STRING_H 1
| #define HAVE_MEMORY_H 1
| #define HAVE_STRINGS_H 1
| #define HAVE_INTTYPES_H 1
| #define HAVE_STDINT_H 1
| #define HAVE_UNISTD_H 1
| #define HAVE_DLFCN_H 1
| #define LT_OBJDIR ".libs/"
| #define HAVE_LIBPTHREAD 1
| #define HAVE_LIBPQ 1
| #define HAVE_LOCALE_H 1
| #define HAVE_SYS_TIME_H 1
| #define TIME_WITH_SYS_TIME 1
| #define SIZEOF_LONG 8
| #define SIZEOF_VOID_P 8
| /* end confdefs.h.  */
| #include <stdio.h>
| #ifdef HAVE_SYS_TYPES_H
| # include <sys/types.h>
| #endif
| #ifdef HAVE_SYS_STAT_H
| # include <sys/stat.h>
| #endif
| #ifdef STDC_HEADERS
| # include <stdlib.h>
| # include <stddef.h>
| #else
| # ifdef HAVE_STDLIB_H
| #  include <stdlib.h>
| # endif
| #endif
| #ifdef HAVE_STRING_H
| # if !defined STDC_HEADERS && defined HAVE_MEMORY_H
| #  include <memory.h>
| # endif
| # include <string.h>
| #endif
| #ifdef HAVE_STRINGS_H
| # include <strings.h>
| #endif
| #ifdef HAVE_INTTYPES_H
| # include <inttypes.h>
| #endif
| #ifdef HAVE_STDINT_H
| # include <stdint.h>
| #endif
| #ifdef HAVE_UNISTD_H
| # include <unistd.h>
| #endif
| int
| main ()
| {
| if (sizeof ((long long)))
| 	    return 0;
|   ;
|   return 0;
| }
configure:12892: result: yes
configure:12902: checking for signed char
configure:12902: gcc -c -g -O2 -Wall  -I/usr/include -I/home/bocap/pgsql/pg9500/include conftest.c >&5
configure:12902: $? = 0
configure:12902: gcc -c -g -O2 -Wall  -I/usr/include -I/home/bocap/pgsql/pg9500/include conftest.c >&5
conftest.c: In function 'main':
conftest.c:71: error: expected expression before ')' token
configure:12902: $? = 1
configure: failed program was:
| /* confdefs.h */
| #define PACKAGE_NAME "psqlodbc"
| #define PACKAGE_TARNAME "psqlodbc"
| #define PACKAGE_VERSION "09.06.0410"
| #define PACKAGE_STRING "psqlodbc 09.06.0410"
| #define PACKAGE_BUGREPORT "pgsql-odbc@postgresql.org"
| #define PACKAGE_URL ""
| #define PACKAGE "psqlodbc"
| #define VERSION "09.06.0410"
| #define WITH_UNIXODBC 1
| #define SQLCOLATTRIBUTE_SQLLEN 1
| #define POSIX_MULTITHREAD_SUPPORT 1
| #define _REENTRANT 1
| #define STDC_HEADERS 1
| #define HAVE_SYS_TYPES_H 1
| #define HAVE_SYS_STAT_H 1
| #define HAVE_STDLIB_H 1
| #define HAVE_STRING_H 1
| #define HAVE_MEMORY_H 1
| #define HAVE_STRINGS_H 1
| #define HAVE_INTTYPES_H 1
| #define HAVE_STDINT_H 1
| #define HAVE_UNISTD_H 1
| #define HAVE_DLFCN_H 1
| #define LT_OBJDIR ".libs/"
| #define HAVE_LIBPTHREAD 1
| #define HAVE_LIBPQ 1
| #define HAVE_LOCALE_H 1
| #define HAVE_SYS_TIME_H 1
| #define TIME_WITH_SYS_TIME 1
| #define SIZEOF_LONG 8
| #define SIZEOF_VOID_P 8
| #define HAVE_LONG_LONG 1
| /* end confdefs.h.  */
| #include <stdio.h>
| #ifdef HAVE_SYS_TYPES_H
| # include <sys/types.h>
| #endif
| #ifdef HAVE_SYS_STAT_H
| # include <sys/stat.h>
| #endif
| #ifdef STDC_HEADERS
| # include <stdlib.h>
| # include <stddef.h>
| #else
| # ifdef HAVE_STDLIB_H
| #  include <stdlib.h>
| # endif
| #endif
| #ifdef HAVE_STRING_H
| # if !defined STDC_HEADERS && defined HAVE_MEMORY_H
| #  include <memory.h>
| # endif
| # include <string.h>
| #endif
| #ifdef HAVE_STRINGS_H
| # include <strings.h>
| #endif
| #ifdef HAVE_INTTYPES_H
| # include <inttypes.h>
| #endif
| #ifdef HAVE_STDINT_H
| # include <stdint.h>
| #endif
| #ifdef HAVE_UNISTD_H
| # include <unistd.h>
| #endif
| int
| main ()
| {
| if (sizeof ((signed char)))
| 	    return 0;
|   ;
|   return 0;
| }
configure:12902: result: yes
configure:12913: checking for ssize_t
configure:12913: gcc -c -g -O2 -Wall  -I/usr/include -I/home/bocap/pgsql/pg9500/include conftest.c >&5
configure:12913: $? = 0
configure:12913: gcc -c -g -O2 -Wall  -I/usr/include -I/home/bocap/pgsql/pg9500/include conftest.c >&5
conftest.c: In function 'main':
conftest.c:72: error: expected expression before ')' token
configure:12913: $? = 1
configure: failed program was:
| /* confdefs.h */
| #define PACKAGE_NAME "psqlodbc"
| #define PACKAGE_TARNAME "psqlodbc"
| #define PACKAGE_VERSION "09.06.0410"
| #define PACKAGE_STRING "psqlodbc 09.06.0410"
| #define PACKAGE_BUGREPORT "pgsql-odbc@postgresql.org"
| #define PACKAGE_URL ""
| #define PACKAGE "psqlodbc"
| #define VERSION "09.06.0410"
| #define WITH_UNIXODBC 1
| #define SQLCOLATTRIBUTE_SQLLEN 1
| #define POSIX_MULTITHREAD_SUPPORT 1
| #define _REENTRANT 1
| #define STDC_HEADERS 1
| #define HAVE_SYS_TYPES_H 1
| #define HAVE_SYS_STAT_H 1
| #define HAVE_STDLIB_H 1
| #define HAVE_STRING_H 1
| #define HAVE_MEMORY_H 1
| #define HAVE_STRINGS_H 1
| #define HAVE_INTTYPES_H 1
| #define HAVE_STDINT_H 1
| #define HAVE_UNISTD_H 1
| #define HAVE_DLFCN_H 1
| #define LT_OBJDIR ".libs/"
| #define HAVE_LIBPTHREAD 1
| #define HAVE_LIBPQ 1
| #define HAVE_LOCALE_H 1
| #define HAVE_SYS_TIME_H 1
| #define TIME_WITH_SYS_TIME 1
| #define SIZEOF_LONG 8
| #define SIZEOF_VOID_P 8
| #define HAVE_LONG_LONG 1
| #define HAVE_SIGNED_CHAR 1
| /* end confdefs.h.  */
| #include <stdio.h>
| #ifdef HAVE_SYS_TYPES_H
| # include <sys/types.h>
| #endif
| #ifdef HAVE_SYS_STAT_H
| # include <sys/stat.h>
| #endif
| #ifdef STDC_HEADERS
| # include <stdlib.h>
| # include <stddef.h>
| #else
| # ifdef HAVE_STDLIB_H
| #  include <stdlib.h>
| # endif
| #endif
| #ifdef HAVE_STRING_H
| # if !defined STDC_HEADERS && defined HAVE_MEMORY_H
| #  include <memory.h>
| # endif
| # include <string.h>
| #endif
| #ifdef HAVE_STRINGS_H
| # include <strings.h>
| #endif
| #ifdef HAVE_INTTYPES_H
| # include <inttypes.h>
| #endif
| #ifdef HAVE_STDINT_H
| # include <stdint.h>
| #endif
| #ifdef HAVE_UNISTD_H
| # include <unistd.h>
| #endif
| int
| main ()
| {
| if (sizeof ((ssize_t)))
| 	    return 0;
|   ;
|   return 0;
| }
configure:12913: result: yes
configure:12923: checking for size_t
configure:12923: gcc -c -g -O2 -Wall  -I/usr/include -I/home/bocap/pgsql/pg9500/include conftest.c >&5
configure:12923: $? = 0
configure:12923: gcc -c -g -O2 -Wall  -I/usr/include -I/home/bocap/pgsql/pg9500/include conftest.c >&5
conftest.c: In function 'main':
conftest.c:73: error: expected expression before ')' token
configure:12923: $? = 1
configure: failed program was:
| /* confdefs.h */
| #define PACKAGE_NAME "psqlodbc"
| #define PACKAGE_TARNAME "psqlodbc"
| #define PACKAGE_VERSION "09.06.0410"
| #define PACKAGE_STRING "psqlodbc 09.06.0410"
| #define PACKAGE_BUGREPORT "pgsql-odbc@postgresql.org"
| #define PACKAGE_URL ""
| #define PACKAGE "psqlodbc"
| #define VERSION "09.06.0410"
| #define WITH_UNIXODBC 1
| #define SQLCOLATTRIBUTE_SQLLEN 1
| #define POSIX_MULTITHREAD_SUPPORT 1
| #define _REENTRANT 1
| #define STDC_HEADERS 1
| #define HAVE_SYS_TYPES_H 1
| #define HAVE_SYS_STAT_H 1
| #define HAVE_STDLIB_H 1
| #define HAVE_STRING_H 1
| #define HAVE_MEMORY_H 1
| #define HAVE_STRINGS_H 1
| #define HAVE_INTTYPES_H 1
| #define HAVE_STDINT_H 1
| #define HAVE_UNISTD_H 1
| #define HAVE_DLFCN_H 1
| #define LT_OBJDIR ".libs/"
| #define HAVE_LIBPTHREAD 1
| #define HAVE_LIBPQ 1
| #define HAVE_LOCALE_H 1
| #define HAVE_SYS_TIME_H 1
| #define TIME_WITH_SYS_TIME 1
| #define SIZEOF_LONG 8
| #define SIZEOF_VOID_P 8
| #define HAVE_LONG_LONG 1
| #define HAVE_SIGNED_CHAR 1
| #define HAVE_SSIZE_T 1
| /* end confdefs.h.  */
| #include <stdio.h>
| #ifdef HAVE_SYS_TYPES_H
| # include <sys/types.h>
| #endif
| #ifdef HAVE_SYS_STAT_H
| # include <sys/stat.h>
| #endif
| #ifdef STDC_HEADERS
| # include <stdlib.h>
| # include <stddef.h>
| #else
| # ifdef HAVE_STDLIB_H
| #  include <stdlib.h>
| # endif
| #endif
| #ifdef HAVE_STRING_H
| # if !defined STDC_HEADERS && defined HAVE_MEMORY_H
| #  include <memory.h>
| # endif
| # include <string.h>
| #endif
| #ifdef HAVE_STRINGS_H
| # include <strings.h>
| #endif
| #ifdef HAVE_INTTYPES_H
| # include <inttypes.h>
| #endif
| #ifdef HAVE_STDINT_H
| # include <stdint.h>
| #endif
| #ifdef HAVE_UNISTD_H
| # include <unistd.h>
| #endif
| int
| main ()
| {
| if (sizeof ((size_t)))
| 	    return 0;
|   ;
|   return 0;
| }
configure:12923: result: yes
configure:12937: checking whether struct tm is in sys/time.h or time.h
configure:12957: gcc -c -g -O2 -Wall  -I/usr/include -I/home/bocap/pgsql/pg9500/include conftest.c >&5
configure:12957: $? = 0
configure:12964: result: time.h
configure:12975: checking for an ANSI C-conforming const
configure:13041: gcc -c -g -O2 -Wall  -I/usr/include -I/home/bocap/pgsql/pg9500/include conftest.c >&5
configure:13041: $? = 0
configure:13048: result: yes
configure:13060: checking whether strerror_r is declared
configure:13060: gcc -c -g -O2 -Wall  -I/usr/include -I/home/bocap/pgsql/pg9500/include conftest.c >&5
configure:13060: $? = 0
configure:13060: result: yes
configure:13073: checking for strerror_r
configure:13073: gcc -o conftest -g -O2 -Wall  -I/usr/include -I/home/bocap/pgsql/pg9500/include  -L/usr/lib -L/home/bocap/pgsql/pg9500/lib conftest.c -lpq -lpthread -lodbcinst  >&5
configure:13073: $? = 0
configure:13073: result: yes
configure:13082: checking whether strerror_r returns char *
configure:13106: gcc -c -g -O2 -Wall  -I/usr/include -I/home/bocap/pgsql/pg9500/include conftest.c >&5
conftest.c: In function 'main':
conftest.c:77: error: invalid type argument of 'unary *' (have 'int')
conftest.c:78: warning: initialization makes pointer from integer without a cast
configure:13106: $? = 1
configure: failed program was:
| /* confdefs.h */
| #define PACKAGE_NAME "psqlodbc"
| #define PACKAGE_TARNAME "psqlodbc"
| #define PACKAGE_VERSION "09.06.0410"
| #define PACKAGE_STRING "psqlodbc 09.06.0410"
| #define PACKAGE_BUGREPORT "pgsql-odbc@postgresql.org"
| #define PACKAGE_URL ""
| #define PACKAGE "psqlodbc"
| #define VERSION "09.06.0410"
| #define WITH_UNIXODBC 1
| #define SQLCOLATTRIBUTE_SQLLEN 1
| #define POSIX_MULTITHREAD_SUPPORT 1
| #define _REENTRANT 1
| #define STDC_HEADERS 1
| #define HAVE_SYS_TYPES_H 1
| #define HAVE_SYS_STAT_H 1
| #define HAVE_STDLIB_H 1
| #define HAVE_STRING_H 1
| #define HAVE_MEMORY_H 1
| #define HAVE_STRINGS_H 1
| #define HAVE_INTTYPES_H 1
| #define HAVE_STDINT_H 1
| #define HAVE_UNISTD_H 1
| #define HAVE_DLFCN_H 1
| #define LT_OBJDIR ".libs/"
| #define HAVE_LIBPTHREAD 1
| #define HAVE_LIBPQ 1
| #define HAVE_LOCALE_H 1
| #define HAVE_SYS_TIME_H 1
| #define TIME_WITH_SYS_TIME 1
| #define SIZEOF_LONG 8
| #define SIZEOF_VOID_P 8
| #define HAVE_LONG_LONG 1
| #define HAVE_SIGNED_CHAR 1
| #define HAVE_SSIZE_T 1
| #define HAVE_DECL_STRERROR_R 1
| #define HAVE_STRERROR_R 1
| /* end confdefs.h.  */
| #include <stdio.h>
| #ifdef HAVE_SYS_TYPES_H
| # include <sys/types.h>
| #endif
| #ifdef HAVE_SYS_STAT_H
| # include <sys/stat.h>
| #endif
| #ifdef STDC_HEADERS
| # include <stdlib.h>
| # include <stddef.h>
| #else
| # ifdef HAVE_STDLIB_H
| #  include <stdlib.h>
| # endif
| #endif
| #ifdef HAVE_STRING_H
| # if !defined STDC_HEADERS && defined HAVE_MEMORY_H
| #  include <memory.h>
| # endif
| # include <string.h>
| #endif
| #ifdef HAVE_STRINGS_H
| # include <strings.h>
| #endif
| #ifdef HAVE_INTTYPES_H
| # include <inttypes.h>
| #endif
| #ifdef HAVE_STDINT_H
| # include <stdint.h>
| #endif
| #ifdef HAVE_UNISTD_H
| # include <unistd.h>
| #endif
| int
| main ()
| {
| 
| 	  char buf[100];
| 	  char x = *strerror_r (0, buf, sizeof buf);
| 	  char *p = strerror_r (0, buf, sizeof buf);
| 	  return !p || x;
| 
|   ;
|   return 0;
| }
configure:13144: result: no
configure:13155: checking for strtoul
configure:13155: gcc -o conftest -g -O2 -Wall  -I/usr/include -I/home/bocap/pgsql/pg9500/include  -L/usr/lib -L/home/bocap/pgsql/pg9500/lib conftest.c -lpq -lpthread -lodbcinst  >&5
configure:13155: $? = 0
configure:13155: result: yes
configure:13155: checking for strtoll
configure:13155: gcc -o conftest -g -O2 -Wall  -I/usr/include -I/home/bocap/pgsql/pg9500/include  -L/usr/lib -L/home/bocap/pgsql/pg9500/lib conftest.c -lpq -lpthread -lodbcinst  >&5
configure:13155: $? = 0
configure:13155: result: yes
configure:13155: checking for strlcat
configure:13155: gcc -o conftest -g -O2 -Wall  -I/usr/include -I/home/bocap/pgsql/pg9500/include  -L/usr/lib -L/home/bocap/pgsql/pg9500/lib conftest.c -lpq -lpthread -lodbcinst  >&5
/tmp/ccihjYF2.o: In function `main':
/home/bocap/src/TDEforPG/pgtde_psqlodbc/conftest.c:75: undefined reference to `strlcat'
collect2: ld returned 1 exit status
configure:13155: $? = 1
configure: failed program was:
| /* confdefs.h */
| #define PACKAGE_NAME "psqlodbc"
| #define PACKAGE_TARNAME "psqlodbc"
| #define PACKAGE_VERSION "09.06.0410"
| #define PACKAGE_STRING "psqlodbc 09.06.0410"
| #define PACKAGE_BUGREPORT "pgsql-odbc@postgresql.org"
| #define PACKAGE_URL ""
| #define PACKAGE "psqlodbc"
| #define VERSION "09.06.0410"
| #define WITH_UNIXODBC 1
| #define SQLCOLATTRIBUTE_SQLLEN 1
| #define POSIX_MULTITHREAD_SUPPORT 1
| #define _REENTRANT 1
| #define STDC_HEADERS 1
| #define HAVE_SYS_TYPES_H 1
| #define HAVE_SYS_STAT_H 1
| #define HAVE_STDLIB_H 1
| #define HAVE_STRING_H 1
| #define HAVE_MEMORY_H 1
| #define HAVE_STRINGS_H 1
| #define HAVE_INTTYPES_H 1
| #define HAVE_STDINT_H 1
| #define HAVE_UNISTD_H 1
| #define HAVE_DLFCN_H 1
| #define LT_OBJDIR ".libs/"
| #define HAVE_LIBPTHREAD 1
| #define HAVE_LIBPQ 1
| #define HAVE_LOCALE_H 1
| #define HAVE_SYS_TIME_H 1
| #define TIME_WITH_SYS_TIME 1
| #define SIZEOF_LONG 8
| #define SIZEOF_VOID_P 8
| #define HAVE_LONG_LONG 1
| #define HAVE_SIGNED_CHAR 1
| #define HAVE_SSIZE_T 1
| #define HAVE_DECL_STRERROR_R 1
| #define HAVE_STRERROR_R 1
| #define HAVE_STRTOUL 1
| #define HAVE_STRTOLL 1
| /* end confdefs.h.  */
| /* Define strlcat to an innocuous variant, in case <limits.h> declares strlcat.
|    For example, HP-UX 11i <limits.h> declares gettimeofday.  */
| #define strlcat innocuous_strlcat
| 
| /* System header to define __stub macros and hopefully few prototypes,
|     which can conflict with char strlcat (); below.
|     Prefer <limits.h> to <assert.h> if __STDC__ is defined, since
|     <limits.h> exists even on freestanding compilers.  */
| 
| #ifdef __STDC__
| # include <limits.h>
| #else
| # include <assert.h>
| #endif
| 
| #undef strlcat
| 
| /* Override any GCC internal prototype to avoid an error.
|    Use char because int might match the return type of a GCC
|    builtin and then its argument prototype would still apply.  */
| #ifdef __cplusplus
| extern "C"
| #endif
| char strlcat ();
| /* The GNU C library defines this for functions which it implements
|     to always fail with ENOSYS.  Some functions are actually named
|     something starting with __ and the normal name is an alias.  */
| #if defined __stub_strlcat || defined __stub___strlcat
| choke me
| #endif
| 
| int
| main ()
| {
| return strlcat ();
|   ;
|   return 0;
| }
configure:13155: result: no
configure:13155: checking for mbstowcs
configure:13155: gcc -o conftest -g -O2 -Wall  -I/usr/include -I/home/bocap/pgsql/pg9500/include  -L/usr/lib -L/home/bocap/pgsql/pg9500/lib conftest.c -lpq -lpthread -lodbcinst  >&5
configure:13155: $? = 0
configure:13155: result: yes
configure:13155: checking for wcstombs
configure:13155: gcc -o conftest -g -O2 -Wall  -I/usr/include -I/home/bocap/pgsql/pg9500/include  -L/usr/lib -L/home/bocap/pgsql/pg9500/lib conftest.c -lpq -lpthread -lodbcinst  >&5
configure:13155: $? = 0
configure:13155: result: yes
configure:13155: checking for mbrtoc16
configure:13155: gcc -o conftest -g -O2 -Wall  -I/usr/include -I/home/bocap/pgsql/pg9500/include  -L/usr/lib -L/home/bocap/pgsql/pg9500/lib conftest.c -lpq -lpthread -lodbcinst  >&5
/tmp/ccomEVQ9.o: In function `main':
/home/bocap/src/TDEforPG/pgtde_psqlodbc/conftest.c:77: undefined reference to `mbrtoc16'
collect2: ld returned 1 exit status
configure:13155: $? = 1
configure: failed program was:
| /* confdefs.h */
| #define PACKAGE_NAME "psqlodbc"
| #define PACKAGE_TARNAME "psqlodbc"
| #define PACKAGE_VERSION "09.06.0410"
| #define PACKAGE_STRING "psqlodbc 09.06.0410"
| #define PACKAGE_BUGREPORT "pgsql-odbc@postgresql.org"
| #define PACKAGE_URL ""
| #define PACKAGE "psqlodbc"
| #define VERSION "09.06.0410"
| #define WITH_UNIXODBC 1
| #define SQLCOLATTRIBUTE_SQLLEN 1
| #define POSIX_MULTITHREAD_SUPPORT 1
| #define _REENTRANT 1
| #define STDC_HEADERS 1
| #define HAVE_SYS_TYPES_H 1
| #define HAVE_SYS_STAT_H 1
| #define HAVE_STDLIB_H 1
| #define HAVE_STRING_H 1
| #define HAVE_MEMORY_H 1
| #define HAVE_STRINGS_H 1
| #define HAVE_INTTYPES_H 1
| #define HAVE_STDINT_H 1
| #define HAVE_UNISTD_H 1
| #define HAVE_DLFCN_H 1
| #define LT_OBJDIR ".libs/"
| #define HAVE_LIBPTHREAD 1
| #define HAVE_LIBPQ 1
| #define HAVE_LOCALE_H 1
| #define HAVE_SYS_TIME_H 1
| #define TIME_WITH_SYS_TIME 1
| #define SIZEOF_LONG 8
| #define SIZEOF_VOID_P 8
| #define HAVE_LONG_LONG 1
| #define HAVE_SIGNED_CHAR 1
| #define HAVE_SSIZE_T 1
| #define HAVE_DECL_STRERROR_R 1
| #define HAVE_STRERROR_R 1
| #define HAVE_STRTOUL 1
| #define HAVE_STRTOLL 1
| #define HAVE_MBSTOWCS 1
| #define HAVE_WCSTOMBS 1
| /* end confdefs.h.  */
| /* Define mbrtoc16 to an innocuous variant, in case <limits.h> declares mbrtoc16.
|    For example, HP-UX 11i <limits.h> declares gettimeofday.  */
| #define mbrtoc16 innocuous_mbrtoc16
| 
| /* System header to define __stub macros and hopefully few prototypes,
|     which can conflict with char mbrtoc16 (); below.
|     Prefer <limits.h> to <assert.h> if __STDC__ is defined, since
|     <limits.h> exists even on freestanding compilers.  */
| 
| #ifdef __STDC__
| # include <limits.h>
| #else
| # include <assert.h>
| #endif
| 
| #undef mbrtoc16
| 
| /* Override any GCC internal prototype to avoid an error.
|    Use char because int might match the return type of a GCC
|    builtin and then its argument prototype would still apply.  */
| #ifdef __cplusplus
| extern "C"
| #endif
| char mbrtoc16 ();
| /* The GNU C library defines this for functions which it implements
|     to always fail with ENOSYS.  Some functions are actually named
|     something starting with __ and the normal name is an alias.  */
| #if defined __stub_mbrtoc16 || defined __stub___mbrtoc16
| choke me
| #endif
| 
| int
| main ()
| {
| return mbrtoc16 ();
|   ;
|   return 0;
| }
configure:13155: result: no
configure:13155: checking for c16rtomb
configure:13155: gcc -o conftest -g -O2 -Wall  -I/usr/include -I/home/bocap/pgsql/pg9500/include  -L/usr/lib -L/home/bocap/pgsql/pg9500/lib conftest.c -lpq -lpthread -lodbcinst  >&5
/tmp/ccASMTxc.o: In function `main':
/home/bocap/src/TDEforPG/pgtde_psqlodbc/conftest.c:77: undefined reference to `c16rtomb'
collect2: ld returned 1 exit status
configure:13155: $? = 1
configure: failed program was:
| /* confdefs.h */
| #define PACKAGE_NAME "psqlodbc"
| #define PACKAGE_TARNAME "psqlodbc"
| #define PACKAGE_VERSION "09.06.0410"
| #define PACKAGE_STRING "psqlodbc 09.06.0410"
| #define PACKAGE_BUGREPORT "pgsql-odbc@postgresql.org"
| #define PACKAGE_URL ""
| #define PACKAGE "psqlodbc"
| #define VERSION "09.06.0410"
| #define WITH_UNIXODBC 1
| #define SQLCOLATTRIBUTE_SQLLEN 1
| #define POSIX_MULTITHREAD_SUPPORT 1
| #define _REENTRANT 1
| #define STDC_HEADERS 1
| #define HAVE_SYS_TYPES_H 1
| #define HAVE_SYS_STAT_H 1
| #define HAVE_STDLIB_H 1
| #define HAVE_STRING_H 1
| #define HAVE_MEMORY_H 1
| #define HAVE_STRINGS_H 1
| #define HAVE_INTTYPES_H 1
| #define HAVE_STDINT_H 1
| #define HAVE_UNISTD_H 1
| #define HAVE_DLFCN_H 1
| #define LT_OBJDIR ".libs/"
| #define HAVE_LIBPTHREAD 1
| #define HAVE_LIBPQ 1
| #define HAVE_LOCALE_H 1
| #define HAVE_SYS_TIME_H 1
| #define TIME_WITH_SYS_TIME 1
| #define SIZEOF_LONG 8
| #define SIZEOF_VOID_P 8
| #define HAVE_LONG_LONG 1
| #define HAVE_SIGNED_CHAR 1
| #define HAVE_SSIZE_T 1
| #define HAVE_DECL_STRERROR_R 1
| #define HAVE_STRERROR_R 1
| #define HAVE_STRTOUL 1
| #define HAVE_STRTOLL 1
| #define HAVE_MBSTOWCS 1
| #define HAVE_WCSTOMBS 1
| /* end confdefs.h.  */
| /* Define c16rtomb to an innocuous variant, in case <limits.h> declares c16rtomb.
|    For example, HP-UX 11i <limits.h> declares gettimeofday.  */
| #define c16rtomb innocuous_c16rtomb
| 
| /* System header to define __stub macros and hopefully few prototypes,
|     which can conflict with char c16rtomb (); below.
|     Prefer <limits.h> to <assert.h> if __STDC__ is defined, since
|     <limits.h> exists even on freestanding compilers.  */
| 
| #ifdef __STDC__
| # include <limits.h>
| #else
| # include <assert.h>
| #endif
| 
| #undef c16rtomb
| 
| /* Override any GCC internal prototype to avoid an error.
|    Use char because int might match the return type of a GCC
|    builtin and then its argument prototype would still apply.  */
| #ifdef __cplusplus
| extern "C"
| #endif
| char c16rtomb ();
| /* The GNU C library defines this for functions which it implements
|     to always fail with ENOSYS.  Some functions are actually named
|     something starting with __ and the normal name is an alias.  */
| #if defined __stub_c16rtomb || defined __stub___c16rtomb
| choke me
| #endif
| 
| int
| main ()
| {
| return c16rtomb ();
|   ;
|   return 0;
| }
configure:13155: result: no
configure:13169: checking for localtime_r
configure:13169: gcc -o conftest -g -O2 -Wall  -I/usr/include -I/home/bocap/pgsql/pg9500/include  -L/usr/lib -L/home/bocap/pgsql/pg9500/lib conftest.c -lpq -lpthread -lodbcinst  >&5
configure:13169: $? = 0
configure:13169: result: yes
configure:13169: checking for strtok_r
configure:13169: gcc -o conftest -g -O2 -Wall  -I/usr/include -I/home/bocap/pgsql/pg9500/include  -L/usr/lib -L/home/bocap/pgsql/pg9500/lib conftest.c -lpq -lpthread -lodbcinst  >&5
configure:13169: $? = 0
configure:13169: result: yes
configure:13169: checking for pthread_mutexattr_settype
configure:13169: gcc -o conftest -g -O2 -Wall  -I/usr/include -I/home/bocap/pgsql/pg9500/include  -L/usr/lib -L/home/bocap/pgsql/pg9500/lib conftest.c -lpq -lpthread -lodbcinst  >&5
configure:13169: $? = 0
configure:13169: result: yes
configure:13191: gcc -c -g -O2 -Wall  -I/usr/include -I/home/bocap/pgsql/pg9500/include conftest.c >&5
conftest.c: In function 'main':
conftest.c:50: warning: unused variable 'i'
configure:13191: $? = 0
configure:13332: checking that generated files are newer than configure
configure:13338: result: done
configure:13369: creating ./config.status

## ---------------------- ##
## Running config.status. ##
## ---------------------- ##

This file was extended by psqlodbc config.status 09.06.0410, which was
generated by GNU Autoconf 2.69.  Invocation command line was

  CONFIG_FILES    = 
  CONFIG_HEADERS  = 
  CONFIG_LINKS    = 
  CONFIG_COMMANDS = 
  $ ./config.status 

on pg06

config.status:1115: creating Makefile
config.status:1115: creating test/Makefile
config.status:1115: creating config.h
config.status:1344: executing depfiles commands
config.status:1344: executing libtool commands

## ---------------- ##
## Cache variables. ##
## ---------------- ##

ac_cv_build=x86_64-unknown-linux-gnu
ac_cv_c_compiler_gnu=yes
ac_cv_c_const=yes
ac_cv_env_CC_set=
ac_cv_env_CC_value=
ac_cv_env_CFLAGS_set=
ac_cv_env_CFLAGS_value=
ac_cv_env_CPPFLAGS_set=
ac_cv_env_CPPFLAGS_value=
ac_cv_env_CPP_set=
ac_cv_env_CPP_value=
ac_cv_env_LDFLAGS_set=
ac_cv_env_LDFLAGS_value=
ac_cv_env_LIBS_set=
ac_cv_env_LIBS_value=
ac_cv_env_build_alias_set=
ac_cv_env_build_alias_value=
ac_cv_env_host_alias_set=
ac_cv_env_host_alias_value=
ac_cv_env_target_alias_set=
ac_cv_env_target_alias_value=
ac_cv_func_c16rtomb=no
ac_cv_func_dlopen=no
ac_cv_func_localtime_r=yes
ac_cv_func_mbrtoc16=no
ac_cv_func_mbstowcs=yes
ac_cv_func_pthread_mutexattr_settype=yes
ac_cv_func_shl_load=no
ac_cv_func_strerror_r=yes
ac_cv_func_strerror_r_char_p=no
ac_cv_func_strlcat=no
ac_cv_func_strtok_r=yes
ac_cv_func_strtoll=yes
ac_cv_func_strtoul=yes
ac_cv_func_wcstombs=yes
ac_cv_have_decl_strerror_r=yes
ac_cv_header_dlfcn_h=yes
ac_cv_header_inttypes_h=yes
ac_cv_header_libpq_fe_h=yes
ac_cv_header_locale_h=yes
ac_cv_header_memory_h=yes
ac_cv_header_stdc=yes
ac_cv_header_stdint_h=yes
ac_cv_header_stdlib_h=yes
ac_cv_header_string_h=yes
ac_cv_header_strings_h=yes
ac_cv_header_sys_stat_h=yes
ac_cv_header_sys_time_h=yes
ac_cv_header_sys_types_h=yes
ac_cv_header_time=yes
ac_cv_header_uchar_h=no
ac_cv_header_unistd_h=yes
ac_cv_host=x86_64-unknown-linux-gnu
ac_cv_lib_dl_dlopen=yes
ac_cv_lib_dld_shl_load=no
ac_cv_lib_pq_PQsetSingleRowMode=yes
ac_cv_lib_pthread_pthread_create=yes
ac_cv_lib_pthreads_pthread_create=no
ac_cv_objext=o
ac_cv_path_EGREP='/bin/grep -E'
ac_cv_path_FGREP='/bin/grep -F'
ac_cv_path_GREP=/bin/grep
ac_cv_path_ODBC_CONFIG=/usr/bin/odbc_config
ac_cv_path_PG_CONFIG=/home/bocap/pgsql/pg9500/bin/pg_config
ac_cv_path_SED=/bin/sed
ac_cv_path_install='/usr/bin/install -c'
ac_cv_path_mkdir=/bin/mkdir
ac_cv_prog_AWK=gawk
ac_cv_prog_CPP='gcc -E'
ac_cv_prog_PROVE=prove
ac_cv_prog_ac_ct_AR=ar
ac_cv_prog_ac_ct_CC=gcc
ac_cv_prog_ac_ct_DLLTOOL=dlltool
ac_cv_prog_ac_ct_OBJDUMP=objdump
ac_cv_prog_ac_ct_RANLIB=ranlib
ac_cv_prog_ac_ct_STRIP=strip
ac_cv_prog_cc_c89=
ac_cv_prog_cc_g=yes
ac_cv_prog_make_make_set=yes
ac_cv_search_SQLGetPrivateProfileString=-lodbcinst
ac_cv_sizeof_long=8
ac_cv_sizeof_void_p=8
ac_cv_struct_tm=time.h
ac_cv_type_long_long=yes
ac_cv_type_signed_char=yes
ac_cv_type_size_t=yes
ac_cv_type_ssize_t=yes
am_cv_CC_dependencies_compiler_type=gcc3
am_cv_make_support_nested_variables=yes
am_cv_prog_cc_c_o=yes
lt_cv_ar_at_file=@
lt_cv_archive_cmds_need_lc=no
lt_cv_deplibs_check_method=pass_all
lt_cv_dlopen=dlopen
lt_cv_dlopen_libs=-ldl
lt_cv_dlopen_self=yes
lt_cv_dlopen_self_static=yes
lt_cv_file_magic_cmd='$MAGIC_CMD'
lt_cv_file_magic_test_file=
lt_cv_ld_reload_flag=-r
lt_cv_nm_interface='BSD nm'
lt_cv_objdir=.libs
lt_cv_path_LD=/usr/bin/ld
lt_cv_path_NM='/usr/bin/nm -B'
lt_cv_path_mainfest_tool=no
lt_cv_prog_compiler_c_o=yes
lt_cv_prog_compiler_pic='-fPIC -DPIC'
lt_cv_prog_compiler_pic_works=yes
lt_cv_prog_compiler_rtti_exceptions=no
lt_cv_prog_compiler_static_works=no
lt_cv_prog_gnu_ld=yes
lt_cv_sharedlib_from_linklib_cmd='printf %s\n'
lt_cv_shlibpath_overrides_runpath=no
lt_cv_sys_global_symbol_pipe='sed -n -e '\''s/^.*[	 ]\([ABCDGIRSTW][ABCDGIRSTW]*\)[	 ][	 ]*\([_A-Za-z][_A-Za-z0-9]*\)$/\1 \2 \2/p'\'' | sed '\''/ __gnu_lto/d'\'''
lt_cv_sys_global_symbol_to_c_name_address='sed -n -e '\''s/^: \([^ ]*\)[ ]*$/  {\"\1\", (void *) 0},/p'\'' -e '\''s/^[ABCDGIRSTW]* \([^ ]*\) \([^ ]*\)$/  {"\2", (void *) \&\2},/p'\'''
lt_cv_sys_global_symbol_to_c_name_address_lib_prefix='sed -n -e '\''s/^: \([^ ]*\)[ ]*$/  {\"\1\", (void *) 0},/p'\'' -e '\''s/^[ABCDGIRSTW]* \([^ ]*\) \(lib[^ ]*\)$/  {"\2", (void *) \&\2},/p'\'' -e '\''s/^[ABCDGIRSTW]* \([^ ]*\) \([^ ]*\)$/  {"lib\2", (void *) \&\2},/p'\'''
lt_cv_sys_global_symbol_to_cdecl='sed -n -e '\''s/^T .* \(.*\)$/extern int \1();/p'\'' -e '\''s/^[ABCDGIRSTW]* .* \(.*\)$/extern char \1;/p'\'''
lt_cv_sys_max_cmd_len=1966080
lt_cv_to_host_file_cmd=func_convert_file_noop
lt_cv_to_tool_file_cmd=func_convert_file_noop

## ----------------- ##
## Output variables. ##
## ----------------- ##

ACLOCAL='${SHELL} /home/bocap/src/TDEforPG/pgtde_psqlodbc/config/missing aclocal-1.15'
AMDEPBACKSLASH='\'
AMDEP_FALSE='#'
AMDEP_TRUE=''
AMTAR='$${TAR-tar}'
AM_BACKSLASH='\'
AM_DEFAULT_V='$(AM_DEFAULT_VERBOSITY)'
AM_DEFAULT_VERBOSITY='1'
AM_V='$(V)'
AR='ar'
AS='as'
AUTOCONF='${SHELL} /home/bocap/src/TDEforPG/pgtde_psqlodbc/config/missing autoconf'
AUTOHEADER='${SHELL} /home/bocap/src/TDEforPG/pgtde_psqlodbc/config/missing autoheader'
AUTOMAKE='${SHELL} /home/bocap/src/TDEforPG/pgtde_psqlodbc/config/missing automake-1.15'
AWK='gawk'
CC='gcc'
CCDEPMODE='depmode=gcc3'
CFLAGS='-g -O2 -Wall'
CPP='gcc -E'
CPPFLAGS=' -I/usr/include -I/home/bocap/pgsql/pg9500/include'
CYGPATH_W='echo'
DEFS='-DHAVE_CONFIG_H'
DEPDIR='.deps'
DLLTOOL='dlltool'
DSYMUTIL=''
DUMPBIN=''
ECHO_C=''
ECHO_N='-n'
ECHO_T=''
EGREP='/bin/grep -E'
EXEEXT=''
FGREP='/bin/grep -F'
GCC_FALSE='#'
GCC_TRUE=''
GREP='/bin/grep'
INSTALL_DATA='${INSTALL} -m 644'
INSTALL_PROGRAM='${INSTALL}'
INSTALL_SCRIPT='${INSTALL}'
INSTALL_STRIP_PROGRAM='$(install_sh) -c -s'
LD='/usr/bin/ld -m elf_x86_64'
LDFLAGS=' -L/usr/lib -L/home/bocap/pgsql/pg9500/lib'
LIBOBJS=''
LIBS='-lpq -lpthread -lodbcinst '
LIBTOOL='$(SHELL) $(top_builddir)/libtool'
LIPO=''
LN_S='ln -s'
LTLIBOBJS=''
MAINT='#'
MAINTAINER_MODE_FALSE=''
MAINTAINER_MODE_TRUE='#'
MAKEINFO='${SHELL} /home/bocap/src/TDEforPG/pgtde_psqlodbc/config/missing makeinfo'
MANIFEST_TOOL=':'
MKDIR_P='/bin/mkdir -p'
NM='/usr/bin/nm -B'
NMEDIT=''
OBJDUMP='objdump'
OBJEXT='o'
ODBC_CONFIG='/usr/bin/odbc_config'
OTOOL64=''
OTOOL=''
PACKAGE='psqlodbc'
PACKAGE_BUGREPORT='pgsql-odbc@postgresql.org'
PACKAGE_NAME='psqlodbc'
PACKAGE_STRING='psqlodbc 09.06.0410'
PACKAGE_TARNAME='psqlodbc'
PACKAGE_URL=''
PACKAGE_VERSION='09.06.0410'
PATH_SEPARATOR=':'
PG_CONFIG='/home/bocap/pgsql/pg9500/bin/pg_config'
PROVE='prove'
RANLIB='ranlib'
SED='/bin/sed'
SET_MAKE=''
SHELL='/bin/sh'
STRIP='strip'
VERSION='09.06.0410'
ac_ct_AR='ar'
ac_ct_CC='gcc'
ac_ct_DUMPBIN=''
am__EXEEXT_FALSE=''
am__EXEEXT_TRUE='#'
am__fastdepCC_FALSE='#'
am__fastdepCC_TRUE=''
am__include='include'
am__isrc=''
am__leading_dot='.'
am__nodep='_no'
am__quote=''
am__tar='$${TAR-tar} chof - "$$tardir"'
am__untar='$${TAR-tar} xf -'
bindir='${exec_prefix}/bin'
build='x86_64-unknown-linux-gnu'
build_alias=''
build_cpu='x86_64'
build_os='linux-gnu'
build_vendor='unknown'
datadir='${datarootdir}'
datarootdir='${prefix}/share'
docdir='${datarootdir}/doc/${PACKAGE_TARNAME}'
dvidir='${docdir}'
exec_prefix='${prefix}'
host='x86_64-unknown-linux-gnu'
host_alias=''
host_cpu='x86_64'
host_os='linux-gnu'
host_vendor='unknown'
htmldir='${docdir}'
includedir='${prefix}/include'
infodir='${datarootdir}/info'
install_sh='${SHELL} /home/bocap/src/TDEforPG/pgtde_psqlodbc/config/install-sh'
libdir='${exec_prefix}/lib'
libexecdir='${exec_prefix}/libexec'
localedir='${datarootdir}/locale'
localstatedir='${prefix}/var'
mandir='${datarootdir}/man'
mkdir_p='$(MKDIR_P)'
oldincludedir='/usr/include'
pdfdir='${docdir}'
prefix='/usr/local'
program_transform_name='s,x,x,'
psdir='${docdir}'
sbindir='${exec_prefix}/sbin'
sharedstatedir='${prefix}/com'
sysconfdir='${prefix}/etc'
target_alias=''

## ----------- ##
## confdefs.h. ##
## ----------- ##

/* confdefs.h */
#define PACKAGE_NAME "psqlodbc"
#define PACKAGE_TARNAME "psqlodbc"
#define PACKAGE_VERSION "09.06.0410"
#define PACKAGE_STRING "psqlodbc 09.06.0410"
#define PACKAGE_BUGREPORT "pgsql-odbc@postgresql.org"
#define PACKAGE_URL ""
#define PACKAGE "psqlodbc"
#define VERSION "09.06.0410"
#define WITH_UNIXODBC 1
#define SQLCOLATTRIBUTE_SQLLEN 1
#define POSIX_MULTITHREAD_SUPPORT 1
#define _REENTRANT 1
#define STDC_HEADERS 1
#define HAVE_SYS_TYPES_H 1
#define HAVE_SYS_STAT_H 1
#define HAVE_STDLIB_H 1
#define HAVE_STRING_H 1
#define HAVE_MEMORY_H 1
#define HAVE_STRINGS_H 1
#define HAVE_INTTYPES_H 1
#define HAVE_STDINT_H 1
#define HAVE_UNISTD_H 1
#define HAVE_DLFCN_H 1
#define LT_OBJDIR ".libs/"
#define HAVE_LIBPTHREAD 1
#define HAVE_LIBPQ 1
#define HAVE_LOCALE_H 1
#define HAVE_SYS_TIME_H 1
#define TIME_WITH_SYS_TIME 1
#define SIZEOF_LONG 8
#define SIZEOF_VOID_P 8
#define HAVE_LONG_LONG 1
#define HAVE_SIGNED_CHAR 1
#define HAVE_SSIZE_T 1
#define HAVE_DECL_STRERROR_R 1
#define HAVE_STRERROR_R 1
#define HAVE_STRTOUL 1
#define HAVE_STRTOLL 1
#define HAVE_MBSTOWCS 1
#define HAVE_WCSTOMBS 1
#define HAVE_LOCALTIME_R 1
#define HAVE_STRTOK_R 1
#define HAVE_PTHREAD_MUTEXATTR_SETTYPE 1
#define PG_RECURSIVE_MUTEXATTR PTHREAD_MUTEX_RECURSIVE

configure: exit 0
